2025-01-06 20:46:39,743:WARNING:
'cuml' is a soft dependency and not included in the pycaret installation. Please run: `pip install cuml` to install.
2025-01-06 20:46:39,743:WARNING:
'cuml' is a soft dependency and not included in the pycaret installation. Please run: `pip install cuml` to install.
2025-01-06 20:46:39,743:WARNING:
'cuml' is a soft dependency and not included in the pycaret installation. Please run: `pip install cuml` to install.
2025-01-06 20:46:39,743:WARNING:
'cuml' is a soft dependency and not included in the pycaret installation. Please run: `pip install cuml` to install.
2025-01-06 20:52:12,529:INFO:PyCaret RegressionExperiment
2025-01-06 20:52:12,529:INFO:Logging name: reg-default-name
2025-01-06 20:52:12,529:INFO:ML Usecase: MLUsecase.REGRESSION
2025-01-06 20:52:12,530:INFO:version 3.3.2
2025-01-06 20:52:12,530:INFO:Initializing setup()
2025-01-06 20:52:12,530:INFO:self.USI: 8645
2025-01-06 20:52:12,530:INFO:self._variable_keys: {'logging_param', 'transform_target_param', 'y', 'seed', 'gpu_param', '_ml_usecase', 'target_param', 'memory', 'exp_name_log', 'fold_generator', 'X', 'gpu_n_jobs_param', 'log_plots_param', 'exp_id', 'idx', 'X_train', 'y_train', 'n_jobs_param', 'html_param', 'USI', 'pipeline', 'y_test', 'fold_groups_param', 'data', 'fold_shuffle_param', 'X_test', '_available_plots'}
2025-01-06 20:52:12,530:INFO:Checking environment
2025-01-06 20:52:12,530:INFO:python_version: 3.11.7
2025-01-06 20:52:12,530:INFO:python_build: ('main', 'Dec 15 2023 18:05:47')
2025-01-06 20:52:12,530:INFO:machine: AMD64
2025-01-06 20:52:12,530:INFO:platform: Windows-10-10.0.22631-SP0
2025-01-06 20:52:12,530:INFO:Memory: svmem(total=34115551232, available=10533761024, percent=69.1, used=23581790208, free=10533761024)
2025-01-06 20:52:12,530:INFO:Physical Core: 24
2025-01-06 20:52:12,530:INFO:Logical Core: 32
2025-01-06 20:52:12,530:INFO:Checking libraries
2025-01-06 20:52:12,530:INFO:System:
2025-01-06 20:52:12,530:INFO:    python: 3.11.7 | packaged by Anaconda, Inc. | (main, Dec 15 2023, 18:05:47) [MSC v.1916 64 bit (AMD64)]
2025-01-06 20:52:12,530:INFO:executable: c:\Users\win11\anaconda3\python.exe
2025-01-06 20:52:12,530:INFO:   machine: Windows-10-10.0.22631-SP0
2025-01-06 20:52:12,530:INFO:PyCaret required dependencies:
2025-01-06 20:52:13,256:INFO:                 pip: 24.0
2025-01-06 20:52:13,256:INFO:          setuptools: 68.2.2
2025-01-06 20:52:13,256:INFO:             pycaret: 3.3.2
2025-01-06 20:52:13,256:INFO:             IPython: 8.20.0
2025-01-06 20:52:13,256:INFO:          ipywidgets: 7.6.5
2025-01-06 20:52:13,256:INFO:                tqdm: 4.66.5
2025-01-06 20:52:13,256:INFO:               numpy: 1.26.4
2025-01-06 20:52:13,256:INFO:              pandas: 2.1.4
2025-01-06 20:52:13,256:INFO:              jinja2: 3.1.3
2025-01-06 20:52:13,256:INFO:               scipy: 1.11.4
2025-01-06 20:52:13,256:INFO:              joblib: 1.2.0
2025-01-06 20:52:13,256:INFO:             sklearn: 1.4.2
2025-01-06 20:52:13,256:INFO:                pyod: 2.0.2
2025-01-06 20:52:13,256:INFO:            imblearn: 0.11.0
2025-01-06 20:52:13,256:INFO:   category_encoders: 2.6.3
2025-01-06 20:52:13,256:INFO:            lightgbm: 4.5.0
2025-01-06 20:52:13,256:INFO:               numba: 0.59.0
2025-01-06 20:52:13,256:INFO:            requests: 2.32.3
2025-01-06 20:52:13,256:INFO:          matplotlib: 3.8.0
2025-01-06 20:52:13,256:INFO:          scikitplot: 0.3.7
2025-01-06 20:52:13,256:INFO:         yellowbrick: 1.5
2025-01-06 20:52:13,256:INFO:              plotly: 5.24.0
2025-01-06 20:52:13,256:INFO:    plotly-resampler: Not installed
2025-01-06 20:52:13,256:INFO:             kaleido: 0.2.1
2025-01-06 20:52:13,256:INFO:           schemdraw: 0.15
2025-01-06 20:52:13,256:INFO:         statsmodels: 0.14.0
2025-01-06 20:52:13,256:INFO:              sktime: 0.26.0
2025-01-06 20:52:13,256:INFO:               tbats: 1.1.3
2025-01-06 20:52:13,257:INFO:            pmdarima: 2.0.4
2025-01-06 20:52:13,257:INFO:              psutil: 5.9.0
2025-01-06 20:52:13,257:INFO:          markupsafe: 2.1.3
2025-01-06 20:52:13,257:INFO:             pickle5: Not installed
2025-01-06 20:52:13,257:INFO:         cloudpickle: 2.2.1
2025-01-06 20:52:13,257:INFO:         deprecation: 2.1.0
2025-01-06 20:52:13,257:INFO:              xxhash: 3.5.0
2025-01-06 20:52:13,257:INFO:           wurlitzer: Not installed
2025-01-06 20:52:13,257:INFO:PyCaret optional dependencies:
2025-01-06 20:52:13,513:INFO:                shap: Not installed
2025-01-06 20:52:13,513:INFO:           interpret: Not installed
2025-01-06 20:52:13,513:INFO:                umap: Not installed
2025-01-06 20:52:13,514:INFO:     ydata_profiling: Not installed
2025-01-06 20:52:13,514:INFO:  explainerdashboard: Not installed
2025-01-06 20:52:13,514:INFO:             autoviz: Not installed
2025-01-06 20:52:13,514:INFO:           fairlearn: Not installed
2025-01-06 20:52:13,514:INFO:          deepchecks: Not installed
2025-01-06 20:52:13,514:INFO:             xgboost: 2.1.1
2025-01-06 20:52:13,514:INFO:            catboost: Not installed
2025-01-06 20:52:13,514:INFO:              kmodes: Not installed
2025-01-06 20:52:13,514:INFO:             mlxtend: Not installed
2025-01-06 20:52:13,514:INFO:       statsforecast: Not installed
2025-01-06 20:52:13,514:INFO:        tune_sklearn: Not installed
2025-01-06 20:52:13,514:INFO:                 ray: Not installed
2025-01-06 20:52:13,514:INFO:            hyperopt: Not installed
2025-01-06 20:52:13,514:INFO:              optuna: Not installed
2025-01-06 20:52:13,514:INFO:               skopt: Not installed
2025-01-06 20:52:13,514:INFO:              mlflow: Not installed
2025-01-06 20:52:13,514:INFO:              gradio: Not installed
2025-01-06 20:52:13,514:INFO:             fastapi: 0.99.1
2025-01-06 20:52:13,514:INFO:             uvicorn: 0.30.6
2025-01-06 20:52:13,514:INFO:              m2cgen: Not installed
2025-01-06 20:52:13,514:INFO:           evidently: Not installed
2025-01-06 20:52:13,514:INFO:               fugue: Not installed
2025-01-06 20:52:13,514:INFO:           streamlit: 1.37.1
2025-01-06 20:52:13,514:INFO:             prophet: Not installed
2025-01-06 20:52:13,514:INFO:None
2025-01-06 20:52:13,514:INFO:Set up data.
2025-01-06 20:52:13,579:INFO:Set up folding strategy.
2025-01-06 20:52:13,579:INFO:Set up train/test split.
2025-01-06 20:52:13,640:INFO:Set up index.
2025-01-06 20:52:13,643:INFO:Assigning column types.
2025-01-06 20:52:13,719:INFO:Engine successfully changes for model 'lr' to 'sklearn'.
2025-01-06 20:52:13,719:INFO:Engine for model 'lasso' has not been set explicitly, hence returning None.
2025-01-06 20:52:13,721:INFO:Engine for model 'ridge' has not been set explicitly, hence returning None.
2025-01-06 20:52:13,723:INFO:Engine for model 'en' has not been set explicitly, hence returning None.
2025-01-06 20:52:13,800:INFO:Engine for model 'svm' has not been set explicitly, hence returning None.
2025-01-06 20:52:13,819:INFO:Engine for model 'knn' has not been set explicitly, hence returning None.
2025-01-06 20:52:13,820:INFO:Soft dependency imported: xgboost: 2.1.1
2025-01-06 20:52:13,821:WARNING:
'catboost' is a soft dependency and not included in the pycaret installation. Please run: `pip install catboost` to install.
Alternately, you can install this by running `pip install pycaret[models]`
2025-01-06 20:52:13,821:INFO:Engine for model 'lasso' has not been set explicitly, hence returning None.
2025-01-06 20:52:13,824:INFO:Engine for model 'ridge' has not been set explicitly, hence returning None.
2025-01-06 20:52:13,826:INFO:Engine for model 'en' has not been set explicitly, hence returning None.
2025-01-06 20:52:13,901:INFO:Engine for model 'svm' has not been set explicitly, hence returning None.
2025-01-06 20:52:13,920:INFO:Engine for model 'knn' has not been set explicitly, hence returning None.
2025-01-06 20:52:13,920:INFO:Soft dependency imported: xgboost: 2.1.1
2025-01-06 20:52:13,921:WARNING:
'catboost' is a soft dependency and not included in the pycaret installation. Please run: `pip install catboost` to install.
Alternately, you can install this by running `pip install pycaret[models]`
2025-01-06 20:52:13,922:INFO:Engine successfully changes for model 'lasso' to 'sklearn'.
2025-01-06 20:52:13,924:INFO:Engine for model 'ridge' has not been set explicitly, hence returning None.
2025-01-06 20:52:13,925:INFO:Engine for model 'en' has not been set explicitly, hence returning None.
2025-01-06 20:52:14,003:INFO:Engine for model 'svm' has not been set explicitly, hence returning None.
2025-01-06 20:52:14,023:INFO:Engine for model 'knn' has not been set explicitly, hence returning None.
2025-01-06 20:52:14,024:INFO:Soft dependency imported: xgboost: 2.1.1
2025-01-06 20:52:14,025:WARNING:
'catboost' is a soft dependency and not included in the pycaret installation. Please run: `pip install catboost` to install.
Alternately, you can install this by running `pip install pycaret[models]`
2025-01-06 20:52:14,027:INFO:Engine for model 'ridge' has not been set explicitly, hence returning None.
2025-01-06 20:52:14,030:INFO:Engine for model 'en' has not been set explicitly, hence returning None.
2025-01-06 20:52:14,109:INFO:Engine for model 'svm' has not been set explicitly, hence returning None.
2025-01-06 20:52:14,128:INFO:Engine for model 'knn' has not been set explicitly, hence returning None.
2025-01-06 20:52:14,128:INFO:Soft dependency imported: xgboost: 2.1.1
2025-01-06 20:52:14,129:WARNING:
'catboost' is a soft dependency and not included in the pycaret installation. Please run: `pip install catboost` to install.
Alternately, you can install this by running `pip install pycaret[models]`
2025-01-06 20:52:14,129:INFO:Engine successfully changes for model 'ridge' to 'sklearn'.
2025-01-06 20:52:14,133:INFO:Engine for model 'en' has not been set explicitly, hence returning None.
2025-01-06 20:52:14,214:INFO:Engine for model 'svm' has not been set explicitly, hence returning None.
2025-01-06 20:52:14,233:INFO:Engine for model 'knn' has not been set explicitly, hence returning None.
2025-01-06 20:52:14,233:INFO:Soft dependency imported: xgboost: 2.1.1
2025-01-06 20:52:14,234:WARNING:
'catboost' is a soft dependency and not included in the pycaret installation. Please run: `pip install catboost` to install.
Alternately, you can install this by running `pip install pycaret[models]`
2025-01-06 20:52:14,239:INFO:Engine for model 'en' has not been set explicitly, hence returning None.
2025-01-06 20:52:14,316:INFO:Engine for model 'svm' has not been set explicitly, hence returning None.
2025-01-06 20:52:14,335:INFO:Engine for model 'knn' has not been set explicitly, hence returning None.
2025-01-06 20:52:14,335:INFO:Soft dependency imported: xgboost: 2.1.1
2025-01-06 20:52:14,336:WARNING:
'catboost' is a soft dependency and not included in the pycaret installation. Please run: `pip install catboost` to install.
Alternately, you can install this by running `pip install pycaret[models]`
2025-01-06 20:52:14,336:INFO:Engine successfully changes for model 'en' to 'sklearn'.
2025-01-06 20:52:14,424:INFO:Engine for model 'svm' has not been set explicitly, hence returning None.
2025-01-06 20:52:14,442:INFO:Engine for model 'knn' has not been set explicitly, hence returning None.
2025-01-06 20:52:14,442:INFO:Soft dependency imported: xgboost: 2.1.1
2025-01-06 20:52:14,443:WARNING:
'catboost' is a soft dependency and not included in the pycaret installation. Please run: `pip install catboost` to install.
Alternately, you can install this by running `pip install pycaret[models]`
2025-01-06 20:52:14,526:INFO:Engine for model 'svm' has not been set explicitly, hence returning None.
2025-01-06 20:52:14,545:INFO:Engine for model 'knn' has not been set explicitly, hence returning None.
2025-01-06 20:52:14,546:INFO:Soft dependency imported: xgboost: 2.1.1
2025-01-06 20:52:14,547:WARNING:
'catboost' is a soft dependency and not included in the pycaret installation. Please run: `pip install catboost` to install.
Alternately, you can install this by running `pip install pycaret[models]`
2025-01-06 20:52:14,547:INFO:Engine successfully changes for model 'knn' to 'sklearn'.
2025-01-06 20:52:14,631:INFO:Engine for model 'svm' has not been set explicitly, hence returning None.
2025-01-06 20:52:14,650:INFO:Soft dependency imported: xgboost: 2.1.1
2025-01-06 20:52:14,651:WARNING:
'catboost' is a soft dependency and not included in the pycaret installation. Please run: `pip install catboost` to install.
Alternately, you can install this by running `pip install pycaret[models]`
2025-01-06 20:52:14,735:INFO:Engine for model 'svm' has not been set explicitly, hence returning None.
2025-01-06 20:52:14,755:INFO:Soft dependency imported: xgboost: 2.1.1
2025-01-06 20:52:14,756:WARNING:
'catboost' is a soft dependency and not included in the pycaret installation. Please run: `pip install catboost` to install.
Alternately, you can install this by running `pip install pycaret[models]`
2025-01-06 20:52:14,756:INFO:Engine successfully changes for model 'svm' to 'sklearn'.
2025-01-06 20:52:14,861:INFO:Soft dependency imported: xgboost: 2.1.1
2025-01-06 20:52:14,862:WARNING:
'catboost' is a soft dependency and not included in the pycaret installation. Please run: `pip install catboost` to install.
Alternately, you can install this by running `pip install pycaret[models]`
2025-01-06 20:52:14,966:INFO:Soft dependency imported: xgboost: 2.1.1
2025-01-06 20:52:14,966:WARNING:
'catboost' is a soft dependency and not included in the pycaret installation. Please run: `pip install catboost` to install.
Alternately, you can install this by running `pip install pycaret[models]`
2025-01-06 20:52:14,969:INFO:Preparing preprocessing pipeline...
2025-01-06 20:52:14,969:INFO:Set up simple imputation.
2025-01-06 20:52:15,000:INFO:Set up encoding of categorical features.
2025-01-06 20:52:15,013:INFO:Set up column name cleaning.
2025-01-06 20:52:15,273:INFO:Finished creating preprocessing pipeline.
2025-01-06 20:52:15,278:INFO:Pipeline: Pipeline(memory=FastMemory(location=C:\Users\win11\AppData\Local\Temp\joblib),
         steps=[('numerical_imputer',
                 TransformerWrapper(include=['VLF_power', 'VLF_component(%)',
                                             'LF_power', 'LF_component (%)',
                                             'LF_normalized_units', 'HF_power',
                                             'HF_component(%)',
                                             'HF_normalized_units',
                                             'LF_to_HF_ratio', 'HF_to_LF_ratio',
                                             'Poincaré_plot_SD_perpendicular',
                                             'Poincaré_plot_S...
                 TransformerWrapper(include=["Patient's_condition"],
                                    transformer=SimpleImputer(strategy='most_frequent'))),
                ('onehot_encoding',
                 TransformerWrapper(include=["Patient's_condition"],
                                    transformer=OneHotEncoder(cols=["Patient's_condition"],
                                                              handle_missing='return_nan',
                                                              use_cat_names=True))),
                ('clean_column_names',
                 TransformerWrapper(transformer=CleanColumnNames()))])
2025-01-06 20:52:15,278:INFO:Creating final display dataframe.
2025-01-06 20:52:15,793:INFO:Setup _display_container:                     Description                    Value
0                    Session id                      987
1                        Target  Total_RR_interval_power
2                   Target type               Regression
3           Original data shape             (184645, 31)
4        Transformed data shape             (184645, 33)
5   Transformed train set shape             (129251, 33)
6    Transformed test set shape              (55394, 33)
7              Numeric features                       29
8          Categorical features                        1
9                    Preprocess                     True
10              Imputation type                   simple
11           Numeric imputation                     mean
12       Categorical imputation                     mode
13     Maximum one-hot encoding                       25
14              Encoding method                     None
15               Fold Generator                    KFold
16                  Fold Number                       10
17                     CPU Jobs                       -1
18                      Use GPU                    False
19               Log Experiment                    False
20              Experiment Name         reg-default-name
21                          USI                     8645
2025-01-06 20:52:15,895:INFO:Soft dependency imported: xgboost: 2.1.1
2025-01-06 20:52:15,896:WARNING:
'catboost' is a soft dependency and not included in the pycaret installation. Please run: `pip install catboost` to install.
Alternately, you can install this by running `pip install pycaret[models]`
2025-01-06 20:52:15,996:INFO:Soft dependency imported: xgboost: 2.1.1
2025-01-06 20:52:15,997:WARNING:
'catboost' is a soft dependency and not included in the pycaret installation. Please run: `pip install catboost` to install.
Alternately, you can install this by running `pip install pycaret[models]`
2025-01-06 20:52:15,997:INFO:setup() successfully completed in 3.47s...............
2025-01-06 20:53:32,554:INFO:Initializing compare_models()
2025-01-06 20:53:32,555:INFO:compare_models(self=<pycaret.regression.oop.RegressionExperiment object at 0x0000020B787A7450>, include=None, exclude=None, fold=None, round=4, cross_validation=True, sort=R2, n_select=1, budget_time=None, turbo=True, errors=ignore, fit_kwargs=None, groups=None, experiment_custom_tags=None, probability_threshold=None, verbose=True, parallel=None, caller_params={'self': <pycaret.regression.oop.RegressionExperiment object at 0x0000020B787A7450>, 'include': None, 'exclude': None, 'fold': None, 'round': 4, 'cross_validation': True, 'sort': 'R2', 'n_select': 1, 'budget_time': None, 'turbo': True, 'errors': 'ignore', 'fit_kwargs': None, 'groups': None, 'experiment_custom_tags': None, 'engine': None, 'verbose': True, 'parallel': None, '__class__': <class 'pycaret.regression.oop.RegressionExperiment'>})
2025-01-06 20:53:32,555:INFO:Checking exceptions
2025-01-06 20:53:32,583:INFO:Preparing display monitor
2025-01-06 20:53:32,594:INFO:Initializing Linear Regression
2025-01-06 20:53:32,594:INFO:Total runtime is 0.0 minutes
2025-01-06 20:53:32,596:INFO:SubProcess create_model() called ==================================
2025-01-06 20:53:32,596:INFO:Initializing create_model()
2025-01-06 20:53:32,596:INFO:create_model(self=<pycaret.regression.oop.RegressionExperiment object at 0x0000020B787A7450>, estimator=lr, fold=KFold(n_splits=10, random_state=None, shuffle=False), round=4, cross_validation=True, predict=True, fit_kwargs={}, groups=None, refit=False, probability_threshold=None, experiment_custom_tags=None, verbose=False, system=False, add_to_model_list=True, metrics=None, display=<pycaret.internal.display.display.CommonDisplay object at 0x0000020B111B3290>, model_only=True, return_train_score=False, error_score=0.0, kwargs={})
2025-01-06 20:53:32,596:INFO:Checking exceptions
2025-01-06 20:53:32,596:INFO:Importing libraries
2025-01-06 20:53:32,596:INFO:Copying training dataset
2025-01-06 20:53:32,667:INFO:Defining folds
2025-01-06 20:53:32,667:INFO:Declaring metric variables
2025-01-06 20:53:32,669:INFO:Importing untrained model
2025-01-06 20:53:32,670:INFO:Linear Regression Imported successfully
2025-01-06 20:53:32,672:INFO:Starting cross validation
2025-01-06 20:53:32,677:INFO:Cross validating with KFold(n_splits=10, random_state=None, shuffle=False), n_jobs=-1
2025-01-06 20:53:36,489:INFO:Calculating mean and std
2025-01-06 20:53:36,489:INFO:Creating metrics dataframe
2025-01-06 20:53:36,490:INFO:Uploading results into container
2025-01-06 20:53:36,491:INFO:Uploading model into container now
2025-01-06 20:53:36,491:INFO:_master_model_container: 1
2025-01-06 20:53:36,491:INFO:_display_container: 2
2025-01-06 20:53:36,491:INFO:LinearRegression(n_jobs=-1)
2025-01-06 20:53:36,491:INFO:create_model() successfully completed......................................
2025-01-06 20:53:36,687:INFO:SubProcess create_model() end ==================================
2025-01-06 20:53:36,687:INFO:Creating metrics dataframe
2025-01-06 20:53:36,691:INFO:Initializing Lasso Regression
2025-01-06 20:53:36,691:INFO:Total runtime is 0.06828766266504924 minutes
2025-01-06 20:53:36,692:INFO:SubProcess create_model() called ==================================
2025-01-06 20:53:36,692:INFO:Initializing create_model()
2025-01-06 20:53:36,692:INFO:create_model(self=<pycaret.regression.oop.RegressionExperiment object at 0x0000020B787A7450>, estimator=lasso, fold=KFold(n_splits=10, random_state=None, shuffle=False), round=4, cross_validation=True, predict=True, fit_kwargs={}, groups=None, refit=False, probability_threshold=None, experiment_custom_tags=None, verbose=False, system=False, add_to_model_list=True, metrics=None, display=<pycaret.internal.display.display.CommonDisplay object at 0x0000020B111B3290>, model_only=True, return_train_score=False, error_score=0.0, kwargs={})
2025-01-06 20:53:36,693:INFO:Checking exceptions
2025-01-06 20:53:36,693:INFO:Importing libraries
2025-01-06 20:53:36,693:INFO:Copying training dataset
2025-01-06 20:53:36,771:INFO:Defining folds
2025-01-06 20:53:36,771:INFO:Declaring metric variables
2025-01-06 20:53:36,773:INFO:Importing untrained model
2025-01-06 20:53:36,774:INFO:Lasso Regression Imported successfully
2025-01-06 20:53:36,777:INFO:Starting cross validation
2025-01-06 20:53:36,777:INFO:Cross validating with KFold(n_splits=10, random_state=None, shuffle=False), n_jobs=-1
2025-01-06 20:53:44,699:INFO:Calculating mean and std
2025-01-06 20:53:44,699:INFO:Creating metrics dataframe
2025-01-06 20:53:44,700:INFO:Uploading results into container
2025-01-06 20:53:44,700:INFO:Uploading model into container now
2025-01-06 20:53:44,701:INFO:_master_model_container: 2
2025-01-06 20:53:44,701:INFO:_display_container: 2
2025-01-06 20:53:44,701:INFO:Lasso(random_state=987)
2025-01-06 20:53:44,701:INFO:create_model() successfully completed......................................
2025-01-06 20:53:44,850:INFO:SubProcess create_model() end ==================================
2025-01-06 20:53:44,850:INFO:Creating metrics dataframe
2025-01-06 20:53:44,855:INFO:Initializing Ridge Regression
2025-01-06 20:53:44,855:INFO:Total runtime is 0.20436044534047446 minutes
2025-01-06 20:53:44,856:INFO:SubProcess create_model() called ==================================
2025-01-06 20:53:44,856:INFO:Initializing create_model()
2025-01-06 20:53:44,856:INFO:create_model(self=<pycaret.regression.oop.RegressionExperiment object at 0x0000020B787A7450>, estimator=ridge, fold=KFold(n_splits=10, random_state=None, shuffle=False), round=4, cross_validation=True, predict=True, fit_kwargs={}, groups=None, refit=False, probability_threshold=None, experiment_custom_tags=None, verbose=False, system=False, add_to_model_list=True, metrics=None, display=<pycaret.internal.display.display.CommonDisplay object at 0x0000020B111B3290>, model_only=True, return_train_score=False, error_score=0.0, kwargs={})
2025-01-06 20:53:44,856:INFO:Checking exceptions
2025-01-06 20:53:44,856:INFO:Importing libraries
2025-01-06 20:53:44,857:INFO:Copying training dataset
2025-01-06 20:53:44,929:INFO:Defining folds
2025-01-06 20:53:44,929:INFO:Declaring metric variables
2025-01-06 20:53:44,931:INFO:Importing untrained model
2025-01-06 20:53:44,933:INFO:Ridge Regression Imported successfully
2025-01-06 20:53:44,936:INFO:Starting cross validation
2025-01-06 20:53:44,936:INFO:Cross validating with KFold(n_splits=10, random_state=None, shuffle=False), n_jobs=-1
2025-01-06 20:53:48,055:INFO:Calculating mean and std
2025-01-06 20:53:48,055:INFO:Creating metrics dataframe
2025-01-06 20:53:48,056:INFO:Uploading results into container
2025-01-06 20:53:48,057:INFO:Uploading model into container now
2025-01-06 20:53:48,057:INFO:_master_model_container: 3
2025-01-06 20:53:48,057:INFO:_display_container: 2
2025-01-06 20:53:48,057:INFO:Ridge(random_state=987)
2025-01-06 20:53:48,057:INFO:create_model() successfully completed......................................
2025-01-06 20:53:48,208:INFO:SubProcess create_model() end ==================================
2025-01-06 20:53:48,208:INFO:Creating metrics dataframe
2025-01-06 20:53:48,211:INFO:Initializing Elastic Net
2025-01-06 20:53:48,211:INFO:Total runtime is 0.26029306650161743 minutes
2025-01-06 20:53:48,213:INFO:SubProcess create_model() called ==================================
2025-01-06 20:53:48,213:INFO:Initializing create_model()
2025-01-06 20:53:48,213:INFO:create_model(self=<pycaret.regression.oop.RegressionExperiment object at 0x0000020B787A7450>, estimator=en, fold=KFold(n_splits=10, random_state=None, shuffle=False), round=4, cross_validation=True, predict=True, fit_kwargs={}, groups=None, refit=False, probability_threshold=None, experiment_custom_tags=None, verbose=False, system=False, add_to_model_list=True, metrics=None, display=<pycaret.internal.display.display.CommonDisplay object at 0x0000020B111B3290>, model_only=True, return_train_score=False, error_score=0.0, kwargs={})
2025-01-06 20:53:48,213:INFO:Checking exceptions
2025-01-06 20:53:48,213:INFO:Importing libraries
2025-01-06 20:53:48,213:INFO:Copying training dataset
2025-01-06 20:53:48,292:INFO:Defining folds
2025-01-06 20:53:48,292:INFO:Declaring metric variables
2025-01-06 20:53:48,295:INFO:Importing untrained model
2025-01-06 20:53:48,296:INFO:Elastic Net Imported successfully
2025-01-06 20:53:48,300:INFO:Starting cross validation
2025-01-06 20:53:48,301:INFO:Cross validating with KFold(n_splits=10, random_state=None, shuffle=False), n_jobs=-1
2025-01-06 20:53:53,355:INFO:Calculating mean and std
2025-01-06 20:53:53,356:INFO:Creating metrics dataframe
2025-01-06 20:53:53,356:INFO:Uploading results into container
2025-01-06 20:53:53,356:INFO:Uploading model into container now
2025-01-06 20:53:53,357:INFO:_master_model_container: 4
2025-01-06 20:53:53,357:INFO:_display_container: 2
2025-01-06 20:53:53,357:INFO:ElasticNet(random_state=987)
2025-01-06 20:53:53,357:INFO:create_model() successfully completed......................................
2025-01-06 20:53:53,500:INFO:SubProcess create_model() end ==================================
2025-01-06 20:53:53,500:INFO:Creating metrics dataframe
2025-01-06 20:53:53,505:INFO:Initializing Least Angle Regression
2025-01-06 20:53:53,505:INFO:Total runtime is 0.34851973454157514 minutes
2025-01-06 20:53:53,506:INFO:SubProcess create_model() called ==================================
2025-01-06 20:53:53,507:INFO:Initializing create_model()
2025-01-06 20:53:53,507:INFO:create_model(self=<pycaret.regression.oop.RegressionExperiment object at 0x0000020B787A7450>, estimator=lar, fold=KFold(n_splits=10, random_state=None, shuffle=False), round=4, cross_validation=True, predict=True, fit_kwargs={}, groups=None, refit=False, probability_threshold=None, experiment_custom_tags=None, verbose=False, system=False, add_to_model_list=True, metrics=None, display=<pycaret.internal.display.display.CommonDisplay object at 0x0000020B111B3290>, model_only=True, return_train_score=False, error_score=0.0, kwargs={})
2025-01-06 20:53:53,507:INFO:Checking exceptions
2025-01-06 20:53:53,507:INFO:Importing libraries
2025-01-06 20:53:53,507:INFO:Copying training dataset
2025-01-06 20:53:53,576:INFO:Defining folds
2025-01-06 20:53:53,576:INFO:Declaring metric variables
2025-01-06 20:53:53,578:INFO:Importing untrained model
2025-01-06 20:53:53,580:INFO:Least Angle Regression Imported successfully
2025-01-06 20:53:53,582:INFO:Starting cross validation
2025-01-06 20:53:53,583:INFO:Cross validating with KFold(n_splits=10, random_state=None, shuffle=False), n_jobs=-1
2025-01-06 20:53:54,463:INFO:Calculating mean and std
2025-01-06 20:53:54,463:INFO:Creating metrics dataframe
2025-01-06 20:53:54,464:INFO:Uploading results into container
2025-01-06 20:53:54,465:INFO:Uploading model into container now
2025-01-06 20:53:54,465:INFO:_master_model_container: 5
2025-01-06 20:53:54,465:INFO:_display_container: 2
2025-01-06 20:53:54,465:INFO:Lars(random_state=987)
2025-01-06 20:53:54,465:INFO:create_model() successfully completed......................................
2025-01-06 20:53:54,618:INFO:SubProcess create_model() end ==================================
2025-01-06 20:53:54,618:INFO:Creating metrics dataframe
2025-01-06 20:53:54,622:INFO:Initializing Lasso Least Angle Regression
2025-01-06 20:53:54,622:INFO:Total runtime is 0.367140539487203 minutes
2025-01-06 20:53:54,623:INFO:SubProcess create_model() called ==================================
2025-01-06 20:53:54,623:INFO:Initializing create_model()
2025-01-06 20:53:54,623:INFO:create_model(self=<pycaret.regression.oop.RegressionExperiment object at 0x0000020B787A7450>, estimator=llar, fold=KFold(n_splits=10, random_state=None, shuffle=False), round=4, cross_validation=True, predict=True, fit_kwargs={}, groups=None, refit=False, probability_threshold=None, experiment_custom_tags=None, verbose=False, system=False, add_to_model_list=True, metrics=None, display=<pycaret.internal.display.display.CommonDisplay object at 0x0000020B111B3290>, model_only=True, return_train_score=False, error_score=0.0, kwargs={})
2025-01-06 20:53:54,623:INFO:Checking exceptions
2025-01-06 20:53:54,624:INFO:Importing libraries
2025-01-06 20:53:54,624:INFO:Copying training dataset
2025-01-06 20:53:54,707:INFO:Defining folds
2025-01-06 20:53:54,707:INFO:Declaring metric variables
2025-01-06 20:53:54,709:INFO:Importing untrained model
2025-01-06 20:53:54,710:INFO:Lasso Least Angle Regression Imported successfully
2025-01-06 20:53:54,712:INFO:Starting cross validation
2025-01-06 20:53:54,714:INFO:Cross validating with KFold(n_splits=10, random_state=None, shuffle=False), n_jobs=-1
2025-01-06 20:53:55,632:INFO:Calculating mean and std
2025-01-06 20:53:55,633:INFO:Creating metrics dataframe
2025-01-06 20:53:55,633:INFO:Uploading results into container
2025-01-06 20:53:55,634:INFO:Uploading model into container now
2025-01-06 20:53:55,634:INFO:_master_model_container: 6
2025-01-06 20:53:55,634:INFO:_display_container: 2
2025-01-06 20:53:55,634:INFO:LassoLars(random_state=987)
2025-01-06 20:53:55,634:INFO:create_model() successfully completed......................................
2025-01-06 20:53:55,788:INFO:SubProcess create_model() end ==================================
2025-01-06 20:53:55,788:INFO:Creating metrics dataframe
2025-01-06 20:53:55,792:INFO:Initializing Orthogonal Matching Pursuit
2025-01-06 20:53:55,792:INFO:Total runtime is 0.3866451700528463 minutes
2025-01-06 20:53:55,793:INFO:SubProcess create_model() called ==================================
2025-01-06 20:53:55,793:INFO:Initializing create_model()
2025-01-06 20:53:55,793:INFO:create_model(self=<pycaret.regression.oop.RegressionExperiment object at 0x0000020B787A7450>, estimator=omp, fold=KFold(n_splits=10, random_state=None, shuffle=False), round=4, cross_validation=True, predict=True, fit_kwargs={}, groups=None, refit=False, probability_threshold=None, experiment_custom_tags=None, verbose=False, system=False, add_to_model_list=True, metrics=None, display=<pycaret.internal.display.display.CommonDisplay object at 0x0000020B111B3290>, model_only=True, return_train_score=False, error_score=0.0, kwargs={})
2025-01-06 20:53:55,793:INFO:Checking exceptions
2025-01-06 20:53:55,793:INFO:Importing libraries
2025-01-06 20:53:55,793:INFO:Copying training dataset
2025-01-06 20:53:55,881:INFO:Defining folds
2025-01-06 20:53:55,881:INFO:Declaring metric variables
2025-01-06 20:53:55,882:INFO:Importing untrained model
2025-01-06 20:53:55,884:INFO:Orthogonal Matching Pursuit Imported successfully
2025-01-06 20:53:55,887:INFO:Starting cross validation
2025-01-06 20:53:55,888:INFO:Cross validating with KFold(n_splits=10, random_state=None, shuffle=False), n_jobs=-1
2025-01-06 20:53:56,790:INFO:Calculating mean and std
2025-01-06 20:53:56,791:INFO:Creating metrics dataframe
2025-01-06 20:53:56,791:INFO:Uploading results into container
2025-01-06 20:53:56,793:INFO:Uploading model into container now
2025-01-06 20:53:56,793:INFO:_master_model_container: 7
2025-01-06 20:53:56,793:INFO:_display_container: 2
2025-01-06 20:53:56,793:INFO:OrthogonalMatchingPursuit()
2025-01-06 20:53:56,793:INFO:create_model() successfully completed......................................
2025-01-06 20:53:56,946:INFO:SubProcess create_model() end ==================================
2025-01-06 20:53:56,947:INFO:Creating metrics dataframe
2025-01-06 20:53:56,951:INFO:Initializing Bayesian Ridge
2025-01-06 20:53:56,951:INFO:Total runtime is 0.405957047144572 minutes
2025-01-06 20:53:56,953:INFO:SubProcess create_model() called ==================================
2025-01-06 20:53:56,953:INFO:Initializing create_model()
2025-01-06 20:53:56,953:INFO:create_model(self=<pycaret.regression.oop.RegressionExperiment object at 0x0000020B787A7450>, estimator=br, fold=KFold(n_splits=10, random_state=None, shuffle=False), round=4, cross_validation=True, predict=True, fit_kwargs={}, groups=None, refit=False, probability_threshold=None, experiment_custom_tags=None, verbose=False, system=False, add_to_model_list=True, metrics=None, display=<pycaret.internal.display.display.CommonDisplay object at 0x0000020B111B3290>, model_only=True, return_train_score=False, error_score=0.0, kwargs={})
2025-01-06 20:53:56,953:INFO:Checking exceptions
2025-01-06 20:53:56,953:INFO:Importing libraries
2025-01-06 20:53:56,953:INFO:Copying training dataset
2025-01-06 20:53:57,040:INFO:Defining folds
2025-01-06 20:53:57,040:INFO:Declaring metric variables
2025-01-06 20:53:57,042:INFO:Importing untrained model
2025-01-06 20:53:57,044:INFO:Bayesian Ridge Imported successfully
2025-01-06 20:53:57,046:INFO:Starting cross validation
2025-01-06 20:53:57,047:INFO:Cross validating with KFold(n_splits=10, random_state=None, shuffle=False), n_jobs=-1
2025-01-06 20:53:59,978:INFO:Calculating mean and std
2025-01-06 20:53:59,979:INFO:Creating metrics dataframe
2025-01-06 20:53:59,980:INFO:Uploading results into container
2025-01-06 20:53:59,981:INFO:Uploading model into container now
2025-01-06 20:53:59,982:INFO:_master_model_container: 8
2025-01-06 20:53:59,982:INFO:_display_container: 2
2025-01-06 20:53:59,982:INFO:BayesianRidge()
2025-01-06 20:53:59,982:INFO:create_model() successfully completed......................................
2025-01-06 20:54:00,131:INFO:SubProcess create_model() end ==================================
2025-01-06 20:54:00,131:INFO:Creating metrics dataframe
2025-01-06 20:54:00,136:INFO:Initializing Passive Aggressive Regressor
2025-01-06 20:54:00,136:INFO:Total runtime is 0.4590391675631206 minutes
2025-01-06 20:54:00,138:INFO:SubProcess create_model() called ==================================
2025-01-06 20:54:00,138:INFO:Initializing create_model()
2025-01-06 20:54:00,138:INFO:create_model(self=<pycaret.regression.oop.RegressionExperiment object at 0x0000020B787A7450>, estimator=par, fold=KFold(n_splits=10, random_state=None, shuffle=False), round=4, cross_validation=True, predict=True, fit_kwargs={}, groups=None, refit=False, probability_threshold=None, experiment_custom_tags=None, verbose=False, system=False, add_to_model_list=True, metrics=None, display=<pycaret.internal.display.display.CommonDisplay object at 0x0000020B111B3290>, model_only=True, return_train_score=False, error_score=0.0, kwargs={})
2025-01-06 20:54:00,138:INFO:Checking exceptions
2025-01-06 20:54:00,138:INFO:Importing libraries
2025-01-06 20:54:00,138:INFO:Copying training dataset
2025-01-06 20:54:00,215:INFO:Defining folds
2025-01-06 20:54:00,215:INFO:Declaring metric variables
2025-01-06 20:54:00,217:INFO:Importing untrained model
2025-01-06 20:54:00,218:INFO:Passive Aggressive Regressor Imported successfully
2025-01-06 20:54:00,221:INFO:Starting cross validation
2025-01-06 20:54:00,222:INFO:Cross validating with KFold(n_splits=10, random_state=None, shuffle=False), n_jobs=-1
2025-01-06 20:54:01,696:INFO:Calculating mean and std
2025-01-06 20:54:01,696:INFO:Creating metrics dataframe
2025-01-06 20:54:01,697:INFO:Uploading results into container
2025-01-06 20:54:01,697:INFO:Uploading model into container now
2025-01-06 20:54:01,698:INFO:_master_model_container: 9
2025-01-06 20:54:01,698:INFO:_display_container: 2
2025-01-06 20:54:01,698:INFO:PassiveAggressiveRegressor(random_state=987)
2025-01-06 20:54:01,698:INFO:create_model() successfully completed......................................
2025-01-06 20:54:01,839:INFO:SubProcess create_model() end ==================================
2025-01-06 20:54:01,839:INFO:Creating metrics dataframe
2025-01-06 20:54:01,843:INFO:Initializing Huber Regressor
2025-01-06 20:54:01,843:INFO:Total runtime is 0.48748726844787604 minutes
2025-01-06 20:54:01,845:INFO:SubProcess create_model() called ==================================
2025-01-06 20:54:01,845:INFO:Initializing create_model()
2025-01-06 20:54:01,845:INFO:create_model(self=<pycaret.regression.oop.RegressionExperiment object at 0x0000020B787A7450>, estimator=huber, fold=KFold(n_splits=10, random_state=None, shuffle=False), round=4, cross_validation=True, predict=True, fit_kwargs={}, groups=None, refit=False, probability_threshold=None, experiment_custom_tags=None, verbose=False, system=False, add_to_model_list=True, metrics=None, display=<pycaret.internal.display.display.CommonDisplay object at 0x0000020B111B3290>, model_only=True, return_train_score=False, error_score=0.0, kwargs={})
2025-01-06 20:54:01,845:INFO:Checking exceptions
2025-01-06 20:54:01,845:INFO:Importing libraries
2025-01-06 20:54:01,845:INFO:Copying training dataset
2025-01-06 20:54:01,910:INFO:Defining folds
2025-01-06 20:54:01,910:INFO:Declaring metric variables
2025-01-06 20:54:01,912:INFO:Importing untrained model
2025-01-06 20:54:01,913:INFO:Huber Regressor Imported successfully
2025-01-06 20:54:01,915:INFO:Starting cross validation
2025-01-06 20:54:01,916:INFO:Cross validating with KFold(n_splits=10, random_state=None, shuffle=False), n_jobs=-1
2025-01-06 20:54:08,346:WARNING:c:\Users\win11\anaconda3\Lib\site-packages\sklearn\linear_model\_huber.py:342: ConvergenceWarning: lbfgs failed to converge (status=1):
STOP: TOTAL NO. of ITERATIONS REACHED LIMIT.

Increase the number of iterations (max_iter) or scale the data as shown in:
    https://scikit-learn.org/stable/modules/preprocessing.html
  self.n_iter_ = _check_optimize_result("lbfgs", opt_res, self.max_iter)

2025-01-06 20:54:08,690:WARNING:c:\Users\win11\anaconda3\Lib\site-packages\sklearn\linear_model\_huber.py:342: ConvergenceWarning: lbfgs failed to converge (status=1):
STOP: TOTAL NO. of ITERATIONS REACHED LIMIT.

Increase the number of iterations (max_iter) or scale the data as shown in:
    https://scikit-learn.org/stable/modules/preprocessing.html
  self.n_iter_ = _check_optimize_result("lbfgs", opt_res, self.max_iter)

2025-01-06 20:54:08,728:WARNING:c:\Users\win11\anaconda3\Lib\site-packages\sklearn\linear_model\_huber.py:342: ConvergenceWarning: lbfgs failed to converge (status=1):
STOP: TOTAL NO. of ITERATIONS REACHED LIMIT.

Increase the number of iterations (max_iter) or scale the data as shown in:
    https://scikit-learn.org/stable/modules/preprocessing.html
  self.n_iter_ = _check_optimize_result("lbfgs", opt_res, self.max_iter)

2025-01-06 20:54:08,858:WARNING:c:\Users\win11\anaconda3\Lib\site-packages\sklearn\linear_model\_huber.py:342: ConvergenceWarning: lbfgs failed to converge (status=1):
STOP: TOTAL NO. of ITERATIONS REACHED LIMIT.

Increase the number of iterations (max_iter) or scale the data as shown in:
    https://scikit-learn.org/stable/modules/preprocessing.html
  self.n_iter_ = _check_optimize_result("lbfgs", opt_res, self.max_iter)

2025-01-06 20:54:08,873:WARNING:c:\Users\win11\anaconda3\Lib\site-packages\sklearn\linear_model\_huber.py:342: ConvergenceWarning: lbfgs failed to converge (status=1):
STOP: TOTAL NO. of ITERATIONS REACHED LIMIT.

Increase the number of iterations (max_iter) or scale the data as shown in:
    https://scikit-learn.org/stable/modules/preprocessing.html
  self.n_iter_ = _check_optimize_result("lbfgs", opt_res, self.max_iter)

2025-01-06 20:54:09,022:WARNING:c:\Users\win11\anaconda3\Lib\site-packages\sklearn\linear_model\_huber.py:342: ConvergenceWarning: lbfgs failed to converge (status=1):
STOP: TOTAL NO. of ITERATIONS REACHED LIMIT.

Increase the number of iterations (max_iter) or scale the data as shown in:
    https://scikit-learn.org/stable/modules/preprocessing.html
  self.n_iter_ = _check_optimize_result("lbfgs", opt_res, self.max_iter)

2025-01-06 20:54:09,023:WARNING:c:\Users\win11\anaconda3\Lib\site-packages\sklearn\linear_model\_huber.py:342: ConvergenceWarning: lbfgs failed to converge (status=1):
STOP: TOTAL NO. of ITERATIONS REACHED LIMIT.

Increase the number of iterations (max_iter) or scale the data as shown in:
    https://scikit-learn.org/stable/modules/preprocessing.html
  self.n_iter_ = _check_optimize_result("lbfgs", opt_res, self.max_iter)

2025-01-06 20:54:09,027:WARNING:c:\Users\win11\anaconda3\Lib\site-packages\sklearn\linear_model\_huber.py:342: ConvergenceWarning: lbfgs failed to converge (status=1):
STOP: TOTAL NO. of ITERATIONS REACHED LIMIT.

Increase the number of iterations (max_iter) or scale the data as shown in:
    https://scikit-learn.org/stable/modules/preprocessing.html
  self.n_iter_ = _check_optimize_result("lbfgs", opt_res, self.max_iter)

2025-01-06 20:54:09,046:WARNING:c:\Users\win11\anaconda3\Lib\site-packages\sklearn\linear_model\_huber.py:342: ConvergenceWarning: lbfgs failed to converge (status=1):
STOP: TOTAL NO. of ITERATIONS REACHED LIMIT.

Increase the number of iterations (max_iter) or scale the data as shown in:
    https://scikit-learn.org/stable/modules/preprocessing.html
  self.n_iter_ = _check_optimize_result("lbfgs", opt_res, self.max_iter)

2025-01-06 20:54:09,106:WARNING:c:\Users\win11\anaconda3\Lib\site-packages\sklearn\linear_model\_huber.py:342: ConvergenceWarning: lbfgs failed to converge (status=1):
STOP: TOTAL NO. of ITERATIONS REACHED LIMIT.

Increase the number of iterations (max_iter) or scale the data as shown in:
    https://scikit-learn.org/stable/modules/preprocessing.html
  self.n_iter_ = _check_optimize_result("lbfgs", opt_res, self.max_iter)

2025-01-06 20:54:09,131:INFO:Calculating mean and std
2025-01-06 20:54:09,132:INFO:Creating metrics dataframe
2025-01-06 20:54:09,134:INFO:Uploading results into container
2025-01-06 20:54:09,134:INFO:Uploading model into container now
2025-01-06 20:54:09,134:INFO:_master_model_container: 10
2025-01-06 20:54:09,134:INFO:_display_container: 2
2025-01-06 20:54:09,135:INFO:HuberRegressor()
2025-01-06 20:54:09,135:INFO:create_model() successfully completed......................................
2025-01-06 20:54:09,291:INFO:SubProcess create_model() end ==================================
2025-01-06 20:54:09,291:INFO:Creating metrics dataframe
2025-01-06 20:54:09,296:INFO:Initializing K Neighbors Regressor
2025-01-06 20:54:09,296:INFO:Total runtime is 0.6117046356201172 minutes
2025-01-06 20:54:09,297:INFO:SubProcess create_model() called ==================================
2025-01-06 20:54:09,297:INFO:Initializing create_model()
2025-01-06 20:54:09,297:INFO:create_model(self=<pycaret.regression.oop.RegressionExperiment object at 0x0000020B787A7450>, estimator=knn, fold=KFold(n_splits=10, random_state=None, shuffle=False), round=4, cross_validation=True, predict=True, fit_kwargs={}, groups=None, refit=False, probability_threshold=None, experiment_custom_tags=None, verbose=False, system=False, add_to_model_list=True, metrics=None, display=<pycaret.internal.display.display.CommonDisplay object at 0x0000020B111B3290>, model_only=True, return_train_score=False, error_score=0.0, kwargs={})
2025-01-06 20:54:09,297:INFO:Checking exceptions
2025-01-06 20:54:09,298:INFO:Importing libraries
2025-01-06 20:54:09,298:INFO:Copying training dataset
2025-01-06 20:54:09,365:INFO:Defining folds
2025-01-06 20:54:09,365:INFO:Declaring metric variables
2025-01-06 20:54:09,367:INFO:Importing untrained model
2025-01-06 20:54:09,368:INFO:K Neighbors Regressor Imported successfully
2025-01-06 20:54:09,371:INFO:Starting cross validation
2025-01-06 20:54:09,371:INFO:Cross validating with KFold(n_splits=10, random_state=None, shuffle=False), n_jobs=-1
2025-01-06 20:54:14,907:INFO:Calculating mean and std
2025-01-06 20:54:14,907:INFO:Creating metrics dataframe
2025-01-06 20:54:14,909:INFO:Uploading results into container
2025-01-06 20:54:14,909:INFO:Uploading model into container now
2025-01-06 20:54:14,909:INFO:_master_model_container: 11
2025-01-06 20:54:14,909:INFO:_display_container: 2
2025-01-06 20:54:14,909:INFO:KNeighborsRegressor(n_jobs=-1)
2025-01-06 20:54:14,909:INFO:create_model() successfully completed......................................
2025-01-06 20:54:15,047:INFO:SubProcess create_model() end ==================================
2025-01-06 20:54:15,047:INFO:Creating metrics dataframe
2025-01-06 20:54:15,051:INFO:Initializing Decision Tree Regressor
2025-01-06 20:54:15,051:INFO:Total runtime is 0.7076220313707988 minutes
2025-01-06 20:54:15,053:INFO:SubProcess create_model() called ==================================
2025-01-06 20:54:15,053:INFO:Initializing create_model()
2025-01-06 20:54:15,053:INFO:create_model(self=<pycaret.regression.oop.RegressionExperiment object at 0x0000020B787A7450>, estimator=dt, fold=KFold(n_splits=10, random_state=None, shuffle=False), round=4, cross_validation=True, predict=True, fit_kwargs={}, groups=None, refit=False, probability_threshold=None, experiment_custom_tags=None, verbose=False, system=False, add_to_model_list=True, metrics=None, display=<pycaret.internal.display.display.CommonDisplay object at 0x0000020B111B3290>, model_only=True, return_train_score=False, error_score=0.0, kwargs={})
2025-01-06 20:54:15,053:INFO:Checking exceptions
2025-01-06 20:54:15,053:INFO:Importing libraries
2025-01-06 20:54:15,053:INFO:Copying training dataset
2025-01-06 20:54:15,120:INFO:Defining folds
2025-01-06 20:54:15,121:INFO:Declaring metric variables
2025-01-06 20:54:15,122:INFO:Importing untrained model
2025-01-06 20:54:15,124:INFO:Decision Tree Regressor Imported successfully
2025-01-06 20:54:15,127:INFO:Starting cross validation
2025-01-06 20:54:15,127:INFO:Cross validating with KFold(n_splits=10, random_state=None, shuffle=False), n_jobs=-1
2025-01-06 20:54:20,117:INFO:Calculating mean and std
2025-01-06 20:54:20,117:INFO:Creating metrics dataframe
2025-01-06 20:54:20,119:INFO:Uploading results into container
2025-01-06 20:54:20,119:INFO:Uploading model into container now
2025-01-06 20:54:20,119:INFO:_master_model_container: 12
2025-01-06 20:54:20,119:INFO:_display_container: 2
2025-01-06 20:54:20,119:INFO:DecisionTreeRegressor(random_state=987)
2025-01-06 20:54:20,119:INFO:create_model() successfully completed......................................
2025-01-06 20:54:20,268:INFO:SubProcess create_model() end ==================================
2025-01-06 20:54:20,269:INFO:Creating metrics dataframe
2025-01-06 20:54:20,273:INFO:Initializing Random Forest Regressor
2025-01-06 20:54:20,273:INFO:Total runtime is 0.794657576084137 minutes
2025-01-06 20:54:20,274:INFO:SubProcess create_model() called ==================================
2025-01-06 20:54:20,274:INFO:Initializing create_model()
2025-01-06 20:54:20,274:INFO:create_model(self=<pycaret.regression.oop.RegressionExperiment object at 0x0000020B787A7450>, estimator=rf, fold=KFold(n_splits=10, random_state=None, shuffle=False), round=4, cross_validation=True, predict=True, fit_kwargs={}, groups=None, refit=False, probability_threshold=None, experiment_custom_tags=None, verbose=False, system=False, add_to_model_list=True, metrics=None, display=<pycaret.internal.display.display.CommonDisplay object at 0x0000020B111B3290>, model_only=True, return_train_score=False, error_score=0.0, kwargs={})
2025-01-06 20:54:20,274:INFO:Checking exceptions
2025-01-06 20:54:20,275:INFO:Importing libraries
2025-01-06 20:54:20,275:INFO:Copying training dataset
2025-01-06 20:54:20,337:INFO:Defining folds
2025-01-06 20:54:20,338:INFO:Declaring metric variables
2025-01-06 20:54:20,339:INFO:Importing untrained model
2025-01-06 20:54:20,341:INFO:Random Forest Regressor Imported successfully
2025-01-06 20:54:20,344:INFO:Starting cross validation
2025-01-06 20:54:20,344:INFO:Cross validating with KFold(n_splits=10, random_state=None, shuffle=False), n_jobs=-1
2025-01-06 20:56:24,532:INFO:Calculating mean and std
2025-01-06 20:56:24,537:INFO:Creating metrics dataframe
2025-01-06 20:56:24,540:INFO:Uploading results into container
2025-01-06 20:56:24,540:INFO:Uploading model into container now
2025-01-06 20:56:24,540:INFO:_master_model_container: 13
2025-01-06 20:56:24,540:INFO:_display_container: 2
2025-01-06 20:56:24,541:INFO:RandomForestRegressor(n_jobs=-1, random_state=987)
2025-01-06 20:56:24,541:INFO:create_model() successfully completed......................................
2025-01-06 20:56:24,712:INFO:SubProcess create_model() end ==================================
2025-01-06 20:56:24,712:INFO:Creating metrics dataframe
2025-01-06 20:56:24,717:INFO:Initializing Extra Trees Regressor
2025-01-06 20:56:24,717:INFO:Total runtime is 2.86872520049413 minutes
2025-01-06 20:56:24,719:INFO:SubProcess create_model() called ==================================
2025-01-06 20:56:24,719:INFO:Initializing create_model()
2025-01-06 20:56:24,719:INFO:create_model(self=<pycaret.regression.oop.RegressionExperiment object at 0x0000020B787A7450>, estimator=et, fold=KFold(n_splits=10, random_state=None, shuffle=False), round=4, cross_validation=True, predict=True, fit_kwargs={}, groups=None, refit=False, probability_threshold=None, experiment_custom_tags=None, verbose=False, system=False, add_to_model_list=True, metrics=None, display=<pycaret.internal.display.display.CommonDisplay object at 0x0000020B111B3290>, model_only=True, return_train_score=False, error_score=0.0, kwargs={})
2025-01-06 20:56:24,719:INFO:Checking exceptions
2025-01-06 20:56:24,719:INFO:Importing libraries
2025-01-06 20:56:24,720:INFO:Copying training dataset
2025-01-06 20:56:24,790:INFO:Defining folds
2025-01-06 20:56:24,791:INFO:Declaring metric variables
2025-01-06 20:56:24,792:INFO:Importing untrained model
2025-01-06 20:56:24,794:INFO:Extra Trees Regressor Imported successfully
2025-01-06 20:56:24,796:INFO:Starting cross validation
2025-01-06 20:56:24,797:INFO:Cross validating with KFold(n_splits=10, random_state=None, shuffle=False), n_jobs=-1
2025-01-06 20:57:03,282:INFO:Calculating mean and std
2025-01-06 20:57:03,282:INFO:Creating metrics dataframe
2025-01-06 20:57:03,284:INFO:Uploading results into container
2025-01-06 20:57:03,284:INFO:Uploading model into container now
2025-01-06 20:57:03,285:INFO:_master_model_container: 14
2025-01-06 20:57:03,285:INFO:_display_container: 2
2025-01-06 20:57:03,285:INFO:ExtraTreesRegressor(n_jobs=-1, random_state=987)
2025-01-06 20:57:03,285:INFO:create_model() successfully completed......................................
2025-01-06 20:57:03,451:INFO:SubProcess create_model() end ==================================
2025-01-06 20:57:03,451:INFO:Creating metrics dataframe
2025-01-06 20:57:03,457:INFO:Initializing AdaBoost Regressor
2025-01-06 20:57:03,457:INFO:Total runtime is 3.5143869042396543 minutes
2025-01-06 20:57:03,458:INFO:SubProcess create_model() called ==================================
2025-01-06 20:57:03,459:INFO:Initializing create_model()
2025-01-06 20:57:03,459:INFO:create_model(self=<pycaret.regression.oop.RegressionExperiment object at 0x0000020B787A7450>, estimator=ada, fold=KFold(n_splits=10, random_state=None, shuffle=False), round=4, cross_validation=True, predict=True, fit_kwargs={}, groups=None, refit=False, probability_threshold=None, experiment_custom_tags=None, verbose=False, system=False, add_to_model_list=True, metrics=None, display=<pycaret.internal.display.display.CommonDisplay object at 0x0000020B111B3290>, model_only=True, return_train_score=False, error_score=0.0, kwargs={})
2025-01-06 20:57:03,459:INFO:Checking exceptions
2025-01-06 20:57:03,459:INFO:Importing libraries
2025-01-06 20:57:03,459:INFO:Copying training dataset
2025-01-06 20:57:03,519:INFO:Defining folds
2025-01-06 20:57:03,519:INFO:Declaring metric variables
2025-01-06 20:57:03,521:INFO:Importing untrained model
2025-01-06 20:57:03,523:INFO:AdaBoost Regressor Imported successfully
2025-01-06 20:57:03,525:INFO:Starting cross validation
2025-01-06 20:57:03,525:INFO:Cross validating with KFold(n_splits=10, random_state=None, shuffle=False), n_jobs=-1
2025-01-06 20:57:44,534:INFO:Calculating mean and std
2025-01-06 20:57:44,534:INFO:Creating metrics dataframe
2025-01-06 20:57:44,535:INFO:Uploading results into container
2025-01-06 20:57:44,535:INFO:Uploading model into container now
2025-01-06 20:57:44,536:INFO:_master_model_container: 15
2025-01-06 20:57:44,536:INFO:_display_container: 2
2025-01-06 20:57:44,536:INFO:AdaBoostRegressor(random_state=987)
2025-01-06 20:57:44,536:INFO:create_model() successfully completed......................................
2025-01-06 20:57:44,678:INFO:SubProcess create_model() end ==================================
2025-01-06 20:57:44,678:INFO:Creating metrics dataframe
2025-01-06 20:57:44,684:INFO:Initializing Gradient Boosting Regressor
2025-01-06 20:57:44,685:INFO:Total runtime is 4.201518766085306 minutes
2025-01-06 20:57:44,685:INFO:SubProcess create_model() called ==================================
2025-01-06 20:57:44,686:INFO:Initializing create_model()
2025-01-06 20:57:44,686:INFO:create_model(self=<pycaret.regression.oop.RegressionExperiment object at 0x0000020B787A7450>, estimator=gbr, fold=KFold(n_splits=10, random_state=None, shuffle=False), round=4, cross_validation=True, predict=True, fit_kwargs={}, groups=None, refit=False, probability_threshold=None, experiment_custom_tags=None, verbose=False, system=False, add_to_model_list=True, metrics=None, display=<pycaret.internal.display.display.CommonDisplay object at 0x0000020B111B3290>, model_only=True, return_train_score=False, error_score=0.0, kwargs={})
2025-01-06 20:57:44,686:INFO:Checking exceptions
2025-01-06 20:57:44,686:INFO:Importing libraries
2025-01-06 20:57:44,686:INFO:Copying training dataset
2025-01-06 20:57:44,755:INFO:Defining folds
2025-01-06 20:57:44,756:INFO:Declaring metric variables
2025-01-06 20:57:44,757:INFO:Importing untrained model
2025-01-06 20:57:44,759:INFO:Gradient Boosting Regressor Imported successfully
2025-01-06 20:57:44,761:INFO:Starting cross validation
2025-01-06 20:57:44,762:INFO:Cross validating with KFold(n_splits=10, random_state=None, shuffle=False), n_jobs=-1
2025-01-06 20:59:19,923:INFO:Calculating mean and std
2025-01-06 20:59:19,924:INFO:Creating metrics dataframe
2025-01-06 20:59:19,925:INFO:Uploading results into container
2025-01-06 20:59:19,925:INFO:Uploading model into container now
2025-01-06 20:59:19,925:INFO:_master_model_container: 16
2025-01-06 20:59:19,925:INFO:_display_container: 2
2025-01-06 20:59:19,925:INFO:GradientBoostingRegressor(random_state=987)
2025-01-06 20:59:19,925:INFO:create_model() successfully completed......................................
2025-01-06 20:59:20,077:INFO:SubProcess create_model() end ==================================
2025-01-06 20:59:20,077:INFO:Creating metrics dataframe
2025-01-06 20:59:20,083:INFO:Initializing Extreme Gradient Boosting
2025-01-06 20:59:20,083:INFO:Total runtime is 5.791498359044392 minutes
2025-01-06 20:59:20,084:INFO:SubProcess create_model() called ==================================
2025-01-06 20:59:20,084:INFO:Initializing create_model()
2025-01-06 20:59:20,084:INFO:create_model(self=<pycaret.regression.oop.RegressionExperiment object at 0x0000020B787A7450>, estimator=xgboost, fold=KFold(n_splits=10, random_state=None, shuffle=False), round=4, cross_validation=True, predict=True, fit_kwargs={}, groups=None, refit=False, probability_threshold=None, experiment_custom_tags=None, verbose=False, system=False, add_to_model_list=True, metrics=None, display=<pycaret.internal.display.display.CommonDisplay object at 0x0000020B111B3290>, model_only=True, return_train_score=False, error_score=0.0, kwargs={})
2025-01-06 20:59:20,085:INFO:Checking exceptions
2025-01-06 20:59:20,085:INFO:Importing libraries
2025-01-06 20:59:20,085:INFO:Copying training dataset
2025-01-06 20:59:20,156:INFO:Defining folds
2025-01-06 20:59:20,156:INFO:Declaring metric variables
2025-01-06 20:59:20,157:INFO:Importing untrained model
2025-01-06 20:59:20,159:INFO:Extreme Gradient Boosting Imported successfully
2025-01-06 20:59:20,162:INFO:Starting cross validation
2025-01-06 20:59:20,163:INFO:Cross validating with KFold(n_splits=10, random_state=None, shuffle=False), n_jobs=-1
2025-01-06 20:59:22,875:INFO:Calculating mean and std
2025-01-06 20:59:22,876:INFO:Creating metrics dataframe
2025-01-06 20:59:22,877:INFO:Uploading results into container
2025-01-06 20:59:22,877:INFO:Uploading model into container now
2025-01-06 20:59:22,877:INFO:_master_model_container: 17
2025-01-06 20:59:22,877:INFO:_display_container: 2
2025-01-06 20:59:22,878:INFO:XGBRegressor(base_score=None, booster='gbtree', callbacks=None,
             colsample_bylevel=None, colsample_bynode=None,
             colsample_bytree=None, device='cpu', early_stopping_rounds=None,
             enable_categorical=False, eval_metric=None, feature_types=None,
             gamma=None, grow_policy=None, importance_type=None,
             interaction_constraints=None, learning_rate=None, max_bin=None,
             max_cat_threshold=None, max_cat_to_onehot=None,
             max_delta_step=None, max_depth=None, max_leaves=None,
             min_child_weight=None, missing=nan, monotone_constraints=None,
             multi_strategy=None, n_estimators=None, n_jobs=-1,
             num_parallel_tree=None, random_state=987, ...)
2025-01-06 20:59:22,878:INFO:create_model() successfully completed......................................
2025-01-06 20:59:23,028:INFO:SubProcess create_model() end ==================================
2025-01-06 20:59:23,029:INFO:Creating metrics dataframe
2025-01-06 20:59:23,034:INFO:Initializing Light Gradient Boosting Machine
2025-01-06 20:59:23,034:INFO:Total runtime is 5.840671535332997 minutes
2025-01-06 20:59:23,035:INFO:SubProcess create_model() called ==================================
2025-01-06 20:59:23,035:INFO:Initializing create_model()
2025-01-06 20:59:23,035:INFO:create_model(self=<pycaret.regression.oop.RegressionExperiment object at 0x0000020B787A7450>, estimator=lightgbm, fold=KFold(n_splits=10, random_state=None, shuffle=False), round=4, cross_validation=True, predict=True, fit_kwargs={}, groups=None, refit=False, probability_threshold=None, experiment_custom_tags=None, verbose=False, system=False, add_to_model_list=True, metrics=None, display=<pycaret.internal.display.display.CommonDisplay object at 0x0000020B111B3290>, model_only=True, return_train_score=False, error_score=0.0, kwargs={})
2025-01-06 20:59:23,035:INFO:Checking exceptions
2025-01-06 20:59:23,035:INFO:Importing libraries
2025-01-06 20:59:23,035:INFO:Copying training dataset
2025-01-06 20:59:23,091:INFO:Defining folds
2025-01-06 20:59:23,091:INFO:Declaring metric variables
2025-01-06 20:59:23,093:INFO:Importing untrained model
2025-01-06 20:59:23,094:INFO:Light Gradient Boosting Machine Imported successfully
2025-01-06 20:59:23,098:INFO:Starting cross validation
2025-01-06 20:59:23,098:INFO:Cross validating with KFold(n_splits=10, random_state=None, shuffle=False), n_jobs=-1
2025-01-06 20:59:25,707:INFO:Calculating mean and std
2025-01-06 20:59:25,708:INFO:Creating metrics dataframe
2025-01-06 20:59:25,710:INFO:Uploading results into container
2025-01-06 20:59:25,710:INFO:Uploading model into container now
2025-01-06 20:59:25,711:INFO:_master_model_container: 18
2025-01-06 20:59:25,711:INFO:_display_container: 2
2025-01-06 20:59:25,711:INFO:LGBMRegressor(n_jobs=-1, random_state=987)
2025-01-06 20:59:25,712:INFO:create_model() successfully completed......................................
2025-01-06 20:59:25,932:INFO:SubProcess create_model() end ==================================
2025-01-06 20:59:25,932:INFO:Creating metrics dataframe
2025-01-06 20:59:25,937:INFO:Initializing Dummy Regressor
2025-01-06 20:59:25,938:INFO:Total runtime is 5.889075767993926 minutes
2025-01-06 20:59:25,939:INFO:SubProcess create_model() called ==================================
2025-01-06 20:59:25,939:INFO:Initializing create_model()
2025-01-06 20:59:25,939:INFO:create_model(self=<pycaret.regression.oop.RegressionExperiment object at 0x0000020B787A7450>, estimator=dummy, fold=KFold(n_splits=10, random_state=None, shuffle=False), round=4, cross_validation=True, predict=True, fit_kwargs={}, groups=None, refit=False, probability_threshold=None, experiment_custom_tags=None, verbose=False, system=False, add_to_model_list=True, metrics=None, display=<pycaret.internal.display.display.CommonDisplay object at 0x0000020B111B3290>, model_only=True, return_train_score=False, error_score=0.0, kwargs={})
2025-01-06 20:59:25,939:INFO:Checking exceptions
2025-01-06 20:59:25,939:INFO:Importing libraries
2025-01-06 20:59:25,939:INFO:Copying training dataset
2025-01-06 20:59:26,018:INFO:Defining folds
2025-01-06 20:59:26,019:INFO:Declaring metric variables
2025-01-06 20:59:26,023:INFO:Importing untrained model
2025-01-06 20:59:26,025:INFO:Dummy Regressor Imported successfully
2025-01-06 20:59:26,029:INFO:Starting cross validation
2025-01-06 20:59:26,030:INFO:Cross validating with KFold(n_splits=10, random_state=None, shuffle=False), n_jobs=-1
2025-01-06 20:59:26,770:INFO:Calculating mean and std
2025-01-06 20:59:26,771:INFO:Creating metrics dataframe
2025-01-06 20:59:26,771:INFO:Uploading results into container
2025-01-06 20:59:26,772:INFO:Uploading model into container now
2025-01-06 20:59:26,772:INFO:_master_model_container: 19
2025-01-06 20:59:26,772:INFO:_display_container: 2
2025-01-06 20:59:26,772:INFO:DummyRegressor()
2025-01-06 20:59:26,772:INFO:create_model() successfully completed......................................
2025-01-06 20:59:26,987:INFO:SubProcess create_model() end ==================================
2025-01-06 20:59:26,987:INFO:Creating metrics dataframe
2025-01-06 20:59:26,998:INFO:Initializing create_model()
2025-01-06 20:59:26,998:INFO:create_model(self=<pycaret.regression.oop.RegressionExperiment object at 0x0000020B787A7450>, estimator=LinearRegression(n_jobs=-1), fold=KFold(n_splits=10, random_state=None, shuffle=False), round=4, cross_validation=False, predict=False, fit_kwargs={}, groups=None, refit=True, probability_threshold=None, experiment_custom_tags=None, verbose=False, system=False, add_to_model_list=True, metrics=None, display=None, model_only=True, return_train_score=False, error_score=0.0, kwargs={})
2025-01-06 20:59:26,998:INFO:Checking exceptions
2025-01-06 20:59:27,001:INFO:Importing libraries
2025-01-06 20:59:27,001:INFO:Copying training dataset
2025-01-06 20:59:27,065:INFO:Defining folds
2025-01-06 20:59:27,065:INFO:Declaring metric variables
2025-01-06 20:59:27,065:INFO:Importing untrained model
2025-01-06 20:59:27,065:INFO:Declaring custom model
2025-01-06 20:59:27,065:INFO:Linear Regression Imported successfully
2025-01-06 20:59:27,066:INFO:Cross validation set to False
2025-01-06 20:59:27,066:INFO:Fitting Model
2025-01-06 20:59:27,325:INFO:LinearRegression(n_jobs=-1)
2025-01-06 20:59:27,325:INFO:create_model() successfully completed......................................
2025-01-06 20:59:27,482:INFO:_master_model_container: 19
2025-01-06 20:59:27,482:INFO:_display_container: 2
2025-01-06 20:59:27,482:INFO:LinearRegression(n_jobs=-1)
2025-01-06 20:59:27,482:INFO:compare_models() successfully completed......................................
2025-01-06 21:00:23,090:INFO:Initializing create_model()
2025-01-06 21:00:23,091:INFO:create_model(self=<pycaret.regression.oop.RegressionExperiment object at 0x0000020B787A7450>, estimator=lr, fold=None, round=4, cross_validation=True, predict=True, fit_kwargs=None, groups=None, refit=True, probability_threshold=None, experiment_custom_tags=None, verbose=True, system=True, add_to_model_list=True, metrics=None, display=None, model_only=True, return_train_score=True, error_score=0.0, kwargs={})
2025-01-06 21:00:23,091:INFO:Checking exceptions
2025-01-06 21:00:23,099:INFO:Importing libraries
2025-01-06 21:00:23,099:INFO:Copying training dataset
2025-01-06 21:00:23,158:INFO:Defining folds
2025-01-06 21:00:23,158:INFO:Declaring metric variables
2025-01-06 21:00:23,161:INFO:Importing untrained model
2025-01-06 21:00:23,162:INFO:Linear Regression Imported successfully
2025-01-06 21:00:23,165:INFO:Starting cross validation
2025-01-06 21:00:23,166:INFO:Cross validating with KFold(n_splits=10, random_state=None, shuffle=False), n_jobs=-1
2025-01-06 21:00:24,457:INFO:Calculating mean and std
2025-01-06 21:00:24,457:INFO:Creating metrics dataframe
2025-01-06 21:00:24,462:INFO:Finalizing model
2025-01-06 21:00:24,704:INFO:Initializing predict_model()
2025-01-06 21:00:24,704:INFO:predict_model(self=<pycaret.regression.oop.RegressionExperiment object at 0x0000020B787A7450>, estimator=Pipeline(memory=Memory(location=None),
         steps=[('numerical_imputer',
                 TransformerWrapper(include=['VLF_power', 'VLF_component(%)',
                                             'LF_power', 'LF_component (%)',
                                             'LF_normalized_units', 'HF_power',
                                             'HF_component(%)',
                                             'HF_normalized_units',
                                             'LF_to_HF_ratio', 'HF_to_LF_ratio',
                                             'Poincaré_plot_SD_perpendicular',
                                             'Poincaré_plot_SD_along_identity',
                                             'sampen',
                                             'Higuchi_frac...
                                    transformer=SimpleImputer(strategy='most_frequent'))),
                ('onehot_encoding',
                 TransformerWrapper(include=["Patient's_condition"],
                                    transformer=OneHotEncoder(cols=["Patient's_condition"],
                                                              handle_missing='return_nan',
                                                              use_cat_names=True))),
                ('clean_column_names',
                 TransformerWrapper(transformer=CleanColumnNames())),
                ('actual_estimator', LinearRegression(n_jobs=-1))]), probability_threshold=None, encoded_labels=False, raw_score=False, round=4, verbose=False, ml_usecase=None, preprocess=True, encode_labels=<function _SupervisedExperiment.predict_model.<locals>.encode_labels at 0x0000020B073A44A0>)
2025-01-06 21:00:24,704:INFO:Checking exceptions
2025-01-06 21:00:24,704:INFO:Preloading libraries
2025-01-06 21:00:24,704:INFO:Set up data.
2025-01-06 21:00:24,730:INFO:Set up index.
2025-01-06 21:00:25,068:INFO:Uploading results into container
2025-01-06 21:00:25,068:INFO:Uploading model into container now
2025-01-06 21:00:25,076:INFO:_master_model_container: 20
2025-01-06 21:00:25,076:INFO:_display_container: 3
2025-01-06 21:00:25,076:INFO:LinearRegression(n_jobs=-1)
2025-01-06 21:00:25,076:INFO:create_model() successfully completed......................................
2025-01-06 21:00:46,825:INFO:Initializing plot_model()
2025-01-06 21:00:46,825:INFO:plot_model(self=<pycaret.regression.oop.RegressionExperiment object at 0x0000020B787A7450>, estimator=LinearRegression(n_jobs=-1), plot=residuals, scale=1, save=True, fold=None, fit_kwargs=None, plot_kwargs=None, groups=None, feature_name=None, label=False, verbose=True, system=True, display=None, display_format=None)
2025-01-06 21:00:46,825:INFO:Checking exceptions
2025-01-06 21:00:46,853:INFO:Preloading libraries
2025-01-06 21:00:46,853:INFO:Copying training dataset
2025-01-06 21:00:46,853:INFO:Plot type: residuals
2025-01-06 21:00:47,207:INFO:Fitting Model
2025-01-06 21:00:47,247:INFO:Scoring test/hold-out set
2025-01-06 21:00:47,271:INFO:Saving 'Residuals.png'
2025-01-06 21:00:48,867:INFO:Visual Rendered Successfully
2025-01-06 21:00:49,032:INFO:plot_model() successfully completed......................................
2025-01-06 21:00:49,032:INFO:Initializing plot_model()
2025-01-06 21:00:49,032:INFO:plot_model(self=<pycaret.regression.oop.RegressionExperiment object at 0x0000020B787A7450>, estimator=LinearRegression(n_jobs=-1), plot=error, scale=1, save=True, fold=None, fit_kwargs=None, plot_kwargs=None, groups=None, feature_name=None, label=False, verbose=True, system=True, display=None, display_format=None)
2025-01-06 21:00:49,032:INFO:Checking exceptions
2025-01-06 21:00:49,056:INFO:Preloading libraries
2025-01-06 21:00:49,056:INFO:Copying training dataset
2025-01-06 21:00:49,056:INFO:Plot type: error
2025-01-06 21:00:49,388:INFO:Fitting Model
2025-01-06 21:00:49,388:INFO:Scoring test/hold-out set
2025-01-06 21:00:49,421:INFO:Saving 'Prediction Error.png'
2025-01-06 21:00:49,874:INFO:Visual Rendered Successfully
2025-01-06 21:00:50,045:INFO:plot_model() successfully completed......................................
2025-01-06 21:00:50,045:INFO:Initializing plot_model()
2025-01-06 21:00:50,045:INFO:plot_model(self=<pycaret.regression.oop.RegressionExperiment object at 0x0000020B787A7450>, estimator=LinearRegression(n_jobs=-1), plot=feature, scale=1, save=True, fold=None, fit_kwargs=None, plot_kwargs=None, groups=None, feature_name=None, label=False, verbose=True, system=True, display=None, display_format=None)
2025-01-06 21:00:50,045:INFO:Checking exceptions
2025-01-06 21:00:50,075:INFO:Preloading libraries
2025-01-06 21:00:50,075:INFO:Copying training dataset
2025-01-06 21:00:50,075:INFO:Plot type: feature
2025-01-06 21:00:50,208:INFO:Saving 'Feature Importance.png'
2025-01-06 21:00:50,282:INFO:Visual Rendered Successfully
2025-01-06 21:00:50,424:INFO:plot_model() successfully completed......................................
2025-01-06 21:04:21,152:INFO:Initializing predict_model()
2025-01-06 21:04:21,152:INFO:predict_model(self=<pycaret.regression.oop.RegressionExperiment object at 0x0000020B787A7450>, estimator=LinearRegression(n_jobs=-1), probability_threshold=None, encoded_labels=False, raw_score=False, round=4, verbose=True, ml_usecase=None, preprocess=True, encode_labels=<function _SupervisedExperiment.predict_model.<locals>.encode_labels at 0x0000020B09ADCF40>)
2025-01-06 21:04:21,152:INFO:Checking exceptions
2025-01-06 21:04:21,152:INFO:Preloading libraries
